  speechManger.cpp
H:\演讲比赛管理系统\演讲比赛管理系统\speechManger.cpp(311,31): warning C4267: “=”: 从“size_t”转换到“int”，可能丢失数据
F:\vs 2022\vs2022\VC\Tools\MSVC\14.32.31326\include\numeric(34,26): warning C4244: “=”: 从“double”转换到“_Ty”，可能丢失数据
          with
          [
              _Ty=float
          ]
F:\vs 2022\vs2022\VC\Tools\MSVC\14.32.31326\include\numeric(41): message : 查看对正在编译的函数 模板 实例化“_Ty std::accumulate<_InIt,_Ty,std::plus<void>>(const _InIt,const _InIt,_Ty,_Fn)”的引用
          with
          [
              _Ty=float,
              _InIt=std::_Deque_iterator<std::_Deque_val<std::_Deque_simple_types<double>>>,
              _Fn=std::plus<void>
          ]
H:\演讲比赛管理系统\演讲比赛管理系统\speechManger.cpp(197): message : 查看对正在编译的函数 模板 实例化“_Ty std::accumulate<std::_Deque_iterator<std::_Deque_val<std::_Deque_simple_types<double>>>,float>(const _InIt,const _InIt,_Ty)”的引用
          with
          [
              _Ty=float,
              _InIt=std::_Deque_iterator<std::_Deque_val<std::_Deque_simple_types<double>>>
          ]
F:\vs 2022\vs2022\VC\Tools\MSVC\14.32.31326\include\xutility(1451,27): warning C4244: “参数”: 从“const _Kty”转换到“const _Ty”，可能丢失数据
          with
          [
              _Kty=double
          ]
          and
          [
              _Ty=int
          ]
F:\vs 2022\vs2022\VC\Tools\MSVC\14.32.31326\include\xutility(1450): message : 查看对正在编译的函数 模板 实例化“bool std::_Debug_lt_pred<const std::greater<int>&,const _Keyty&,const _Kty&,0>(_Pr,_Ty1,_Ty2) noexcept(<expr>)”的引用
          with
          [
              _Keyty=double,
              _Kty=double,
              _Pr=const std::greater<int> &,
              _Ty1=const double &,
              _Ty2=const double &
          ]
F:\vs 2022\vs2022\VC\Tools\MSVC\14.32.31326\include\xtree(996): message : 查看对正在编译的函数 模板 实例化“std::_Tree_find_result<std::_Tree_node<std::pair<const double,int>,std::_Default_allocator_traits<_Alloc>::void_pointer> *> std::_Tree<std::_Tmap_traits<_Kty,_Ty,_Pr,_Alloc,true>>::_Find_upper_bound<_Kty>(const _Keyty &) const”的引用
          with
          [
              _Alloc=std::allocator<std::pair<const double,int>>,
              _Kty=double,
              _Ty=int,
              _Pr=std::greater<int>,
              _Keyty=double
          ]
F:\vs 2022\vs2022\VC\Tools\MSVC\14.32.31326\include\xtree(1015): message : 查看对正在编译的函数 模板 实例化“std::_Tree_find_result<std::_Tree_node<std::pair<const double,int>,std::_Default_allocator_traits<_Alloc>::void_pointer> *> std::_Tree<std::_Tmap_traits<_Kty,_Ty,_Pr,_Alloc,true>>::_Find_upper_bound<_Kty>(const _Keyty &) const”的引用
          with
          [
              _Alloc=std::allocator<std::pair<const double,int>>,
              _Kty=double,
              _Ty=int,
              _Pr=std::greater<int>,
              _Keyty=double
          ]
F:\vs 2022\vs2022\VC\Tools\MSVC\14.32.31326\include\xtree(1033): message : 查看对正在编译的函数 模板 实例化“std::pair<std::_Tree_node<std::pair<const double,int>,std::_Default_allocator_traits<_Alloc>::void_pointer> *,bool> std::_Tree<std::_Tmap_traits<_Kty,_Ty,_Pr,_Alloc,true>>::_Emplace<std::pair<double,int>>(std::pair<double,int> &&)”的引用
          with
          [
              _Alloc=std::allocator<std::pair<const double,int>>,
              _Kty=double,
              _Ty=int,
              _Pr=std::greater<int>
          ]
F:\vs 2022\vs2022\VC\Tools\MSVC\14.32.31326\include\xtree(1034): message : 查看对正在编译的函数 模板 实例化“std::pair<std::_Tree_node<std::pair<const double,int>,std::_Default_allocator_traits<_Alloc>::void_pointer> *,bool> std::_Tree<std::_Tmap_traits<_Kty,_Ty,_Pr,_Alloc,true>>::_Emplace<std::pair<double,int>>(std::pair<double,int> &&)”的引用
          with
          [
              _Alloc=std::allocator<std::pair<const double,int>>,
              _Kty=double,
              _Ty=int,
              _Pr=std::greater<int>
          ]
F:\vs 2022\vs2022\VC\Tools\MSVC\14.32.31326\include\map(497): message : 查看对正在编译的函数 模板 实例化“std::pair<std::_Tree_iterator<std::_Tree_val<std::_Tree_simple_types<std::pair<const double,int>>>>,bool> std::_Tree<std::_Tmap_traits<_Kty,_Ty,_Pr,_Alloc,true>>::emplace<std::pair<double,int>>(std::pair<double,int> &&)”的引用
          with
          [
              _Kty=double,
              _Ty=int,
              _Pr=std::greater<int>,
              _Alloc=std::allocator<std::pair<const double,int>>
          ]
F:\vs 2022\vs2022\VC\Tools\MSVC\14.32.31326\include\map(498): message : 查看对正在编译的函数 模板 实例化“std::pair<std::_Tree_iterator<std::_Tree_val<std::_Tree_simple_types<std::pair<const double,int>>>>,bool> std::_Tree<std::_Tmap_traits<_Kty,_Ty,_Pr,_Alloc,true>>::emplace<std::pair<double,int>>(std::pair<double,int> &&)”的引用
          with
          [
              _Kty=double,
              _Ty=int,
              _Pr=std::greater<int>,
              _Alloc=std::allocator<std::pair<const double,int>>
          ]
F:\vs 2022\vs2022\VC\Tools\MSVC\14.32.31326\include\map(509): message : 查看对正在编译的函数 模板 实例化“std::_Tree_iterator<std::_Tree_val<std::_Tree_simple_types<std::pair<const double,int>>>> std::multimap<double,int,std::greater<int>,std::allocator<std::pair<const double,int>>>::emplace<_Ty>(_Ty &&)”的引用
          with
          [
              _Ty=std::pair<double,int>
          ]
F:\vs 2022\vs2022\VC\Tools\MSVC\14.32.31326\include\map(509): message : 查看对正在编译的函数 模板 实例化“std::_Tree_iterator<std::_Tree_val<std::_Tree_simple_types<std::pair<const double,int>>>> std::multimap<double,int,std::greater<int>,std::allocator<std::pair<const double,int>>>::emplace<_Ty>(_Ty &&)”的引用
          with
          [
              _Ty=std::pair<double,int>
          ]
H:\演讲比赛管理系统\演讲比赛管理系统\speechManger.cpp(204): message : 查看对正在编译的函数 模板 实例化“std::_Tree_iterator<std::_Tree_val<std::_Tree_simple_types<std::pair<const double,int>>>> std::multimap<double,int,std::greater<int>,std::allocator<std::pair<const double,int>>>::insert<std::pair<double,int>,0>(_Valty &&)”的引用
          with
          [
              _Valty=std::pair<double,int>
          ]
H:\演讲比赛管理系统\演讲比赛管理系统\speechManger.cpp(204): message : 查看对正在编译的函数 模板 实例化“std::_Tree_iterator<std::_Tree_val<std::_Tree_simple_types<std::pair<const double,int>>>> std::multimap<double,int,std::greater<int>,std::allocator<std::pair<const double,int>>>::insert<std::pair<double,int>,0>(_Valty &&)”的引用
          with
          [
              _Valty=std::pair<double,int>
          ]
F:\vs 2022\vs2022\VC\Tools\MSVC\14.32.31326\include\xutility(1451,20): warning C4244: “参数”: 从“const _Keyty”转换到“const _Ty”，可能丢失数据
          with
          [
              _Keyty=double
          ]
          and
          [
              _Ty=int
          ]
F:\vs 2022\vs2022\VC\Tools\MSVC\14.32.31326\include\xutility(1451,62): warning C4244: “参数”: 从“const _Keyty”转换到“const _Ty”，可能丢失数据
          with
          [
              _Keyty=double
          ]
          and
          [
              _Ty=int
          ]
F:\vs 2022\vs2022\VC\Tools\MSVC\14.32.31326\include\xutility(1451,54): warning C4244: “参数”: 从“const _Kty”转换到“const _Ty”，可能丢失数据
          with
          [
              _Kty=double
          ]
          and
          [
              _Ty=int
          ]
F:\vs 2022\vs2022\VC\Tools\MSVC\14.32.31326\include\xutility(1453,57): warning C4244: “参数”: 从“const _Kty”转换到“const _Ty”，可能丢失数据
          with
          [
              _Kty=double
          ]
          and
          [
              _Ty=int
          ]
F:\vs 2022\vs2022\VC\Tools\MSVC\14.32.31326\include\xtree(1580): message : 查看对正在编译的函数 模板 实例化“bool std::_Debug_lt_pred<const std::greater<int>&,const _Keyty&,const _Kty&,0>(_Pr,_Ty1,_Ty2) noexcept(false)”的引用
          with
          [
              _Keyty=double,
              _Kty=double,
              _Pr=const std::greater<int> &,
              _Ty1=const double &,
              _Ty2=const double &
          ]
F:\vs 2022\vs2022\VC\Tools\MSVC\14.32.31326\include\xtree(996): message : 查看对正在编译的函数 模板 实例化“std::_Tree_find_result<std::_Tree_node<std::pair<const double,int>,std::_Default_allocator_traits<_Alloc>::void_pointer> *> std::_Tree<std::_Tmap_traits<_Kty,_Ty,_Pr,_Alloc,true>>::_Find_upper_bound<_Kty>(const _Keyty &) const”的引用
          with
          [
              _Alloc=std::allocator<std::pair<const double,int>>,
              _Kty=double,
              _Ty=int,
              _Pr=std::greater<int>,
              _Keyty=double
          ]
F:\vs 2022\vs2022\VC\Tools\MSVC\14.32.31326\include\xtree(1015): message : 查看对正在编译的函数 模板 实例化“std::_Tree_find_result<std::_Tree_node<std::pair<const double,int>,std::_Default_allocator_traits<_Alloc>::void_pointer> *> std::_Tree<std::_Tmap_traits<_Kty,_Ty,_Pr,_Alloc,true>>::_Find_upper_bound<_Kty>(const _Keyty &) const”的引用
          with
          [
              _Alloc=std::allocator<std::pair<const double,int>>,
              _Kty=double,
              _Ty=int,
              _Pr=std::greater<int>,
              _Keyty=double
          ]
F:\vs 2022\vs2022\VC\Tools\MSVC\14.32.31326\include\xutility(1453,50): warning C4244: “参数”: 从“const _Keyty”转换到“const _Ty”，可能丢失数据
          with
          [
              _Keyty=double
          ]
          and
          [
              _Ty=int
          ]
F:\vs 2022\vs2022\VC\Tools\MSVC\14.32.31326\include\xutility(1455,9): warning C4244: “参数”: 从“const _Keyty”转换到“const _Ty”，可能丢失数据
          with
          [
              _Keyty=double
          ]
          and
          [
              _Ty=int
          ]
F:\vs 2022\vs2022\VC\Tools\MSVC\14.32.31326\include\xutility(1455,9): warning C4244: “参数”: 从“const _Kty”转换到“const _Ty”，可能丢失数据
          with
          [
              _Kty=double
          ]
          and
          [
              _Ty=int
          ]
  演讲比赛管理系统.vcxproj -> H:\演讲比赛管理系统\x64\Debug\演讲比赛管理系统.exe
